2024-11-30 22:21:14,791 [main] INFO  in.ashokit.Application                             - Starting Application using Java 21.0.4 with PID 9128 (C:\Users\Aman\Documents\JRTP_Projects\02_SB_JMeterApp\target\classes started by Aman in C:\Users\Aman\Documents\JRTP_Projects\02_SB_JMeterApp)
2024-11-30 22:21:14,795 [main] INFO  in.ashokit.Application                             - No active profile set, falling back to 1 default profile: "default"
2024-11-30 22:21:17,243 [main] INFO  o.s.b.w.embedded.tomcat.TomcatWebServer            - Tomcat initialized with port 9090 (http)
2024-11-30 22:21:17,278 [main] INFO  o.apache.coyote.http11.Http11NioProtocol           - Initializing ProtocolHandler ["http-nio-9090"]
2024-11-30 22:21:17,283 [main] INFO  o.apache.catalina.core.StandardService             - Starting service [Tomcat]
2024-11-30 22:21:17,285 [main] INFO  org.apache.catalina.core.StandardEngine            - Starting Servlet engine: [Apache Tomcat/10.1.33]
2024-11-30 22:21:17,431 [main] INFO  o.a.c.c.C.[Tomcat].[localhost].[/]                 - Initializing Spring embedded WebApplicationContext
2024-11-30 22:21:17,431 [main] INFO  o.s.b.w.s.c.ServletWebServerApplicationContext     - Root WebApplicationContext: initialization completed in 2505 ms
2024-11-30 22:21:18,359 [main] INFO  o.apache.coyote.http11.Http11NioProtocol           - Starting ProtocolHandler ["http-nio-9090"]
2024-11-30 22:21:18,413 [main] INFO  o.s.b.w.embedded.tomcat.TomcatWebServer            - Tomcat started on port 9090 (http) with context path '/'
2024-11-30 22:21:18,433 [main] INFO  in.ashokit.Application                             - Started Application in 4.714 seconds (process running for 7.704)
2024-11-30 22:22:01,179 [RMI TCP Connection(4)-127.0.0.1] INFO  o.s.b.a.SpringApplicationAdminMXBeanRegistrar$SpringApplicationAdmin - Application shutdown requested.
2024-11-30 22:22:01,189 [RMI TCP Connection(4)-127.0.0.1] INFO  o.s.b.w.embedded.tomcat.GracefulShutdown           - Commencing graceful shutdown. Waiting for active requests to complete
2024-11-30 22:22:01,194 [tomcat-shutdown] INFO  o.apache.coyote.http11.Http11NioProtocol           - Pausing ProtocolHandler ["http-nio-9090"]
2024-11-30 22:22:01,218 [tomcat-shutdown] INFO  o.s.b.w.embedded.tomcat.GracefulShutdown           - Graceful shutdown complete
2024-11-30 22:22:01,220 [RMI TCP Connection(4)-127.0.0.1] INFO  o.apache.coyote.http11.Http11NioProtocol           - Stopping ProtocolHandler ["http-nio-9090"]
2024-11-30 22:25:55,046 [main] INFO  in.ashokit.Application                             - Starting Application using Java 21.0.4 with PID 5812 (C:\Users\Aman\Documents\JRTP_Projects\02_SB_JMeterApp\target\classes started by Aman in C:\Users\Aman\Documents\JRTP_Projects\02_SB_JMeterApp)
2024-11-30 22:25:55,052 [main] INFO  in.ashokit.Application                             - No active profile set, falling back to 1 default profile: "default"
2024-11-30 22:25:57,615 [main] INFO  o.s.b.w.embedded.tomcat.TomcatWebServer            - Tomcat initialized with port 9090 (http)
2024-11-30 22:25:57,648 [main] INFO  o.apache.coyote.http11.Http11NioProtocol           - Initializing ProtocolHandler ["http-nio-9090"]
2024-11-30 22:25:57,653 [main] INFO  o.apache.catalina.core.StandardService             - Starting service [Tomcat]
2024-11-30 22:25:57,654 [main] INFO  org.apache.catalina.core.StandardEngine            - Starting Servlet engine: [Apache Tomcat/10.1.33]
2024-11-30 22:25:57,801 [main] INFO  o.a.c.c.C.[Tomcat].[localhost].[/]                 - Initializing Spring embedded WebApplicationContext
2024-11-30 22:25:57,801 [main] INFO  o.s.b.w.s.c.ServletWebServerApplicationContext     - Root WebApplicationContext: initialization completed in 2575 ms
2024-11-30 22:25:59,536 [main] INFO  o.apache.coyote.http11.Http11NioProtocol           - Starting ProtocolHandler ["http-nio-9090"]
2024-11-30 22:25:59,713 [main] INFO  o.s.b.w.embedded.tomcat.TomcatWebServer            - Tomcat started on port 9090 (http) with context path '/'
2024-11-30 22:25:59,779 [main] INFO  in.ashokit.Application                             - Started Application in 5.834 seconds (process running for 8.834)
2024-11-30 22:25:59,792 [main] INFO  in.ashokit.rest.WelcomeRestController              - ***********welcomeMsg() - started*************
2024-11-30 22:25:59,793 [main] INFO  in.ashokit.rest.WelcomeRestController              - ***********welcomeMsg() - ended*************
2024-11-30 22:28:54,995 [RMI TCP Connection(5)-127.0.0.1] INFO  o.s.b.a.SpringApplicationAdminMXBeanRegistrar$SpringApplicationAdmin - Application shutdown requested.
2024-11-30 22:28:55,000 [RMI TCP Connection(5)-127.0.0.1] INFO  o.s.b.w.embedded.tomcat.GracefulShutdown           - Commencing graceful shutdown. Waiting for active requests to complete
2024-11-30 22:28:55,002 [tomcat-shutdown] INFO  o.apache.coyote.http11.Http11NioProtocol           - Pausing ProtocolHandler ["http-nio-9090"]
2024-11-30 22:28:55,016 [tomcat-shutdown] INFO  o.s.b.w.embedded.tomcat.GracefulShutdown           - Graceful shutdown complete
2024-11-30 22:28:55,017 [RMI TCP Connection(5)-127.0.0.1] INFO  o.apache.coyote.http11.Http11NioProtocol           - Stopping ProtocolHandler ["http-nio-9090"]
